Determining if the pthread_create exist failed with the following output:
Change Dir: /home/ubuntu/dji_fly/src/test2/bomber/pod-build/CMakeFiles/CMakeTmp

Run Build Command:/usr/bin/make "cmTryCompileExec717307031/fast"
make[2]: Entering directory `/home/ubuntu/dji_fly/src/test2/bomber/pod-build/CMakeFiles/CMakeTmp'
/usr/bin/make -f CMakeFiles/cmTryCompileExec717307031.dir/build.make CMakeFiles/cmTryCompileExec717307031.dir/build
make[3]: Entering directory `/home/ubuntu/dji_fly/src/test2/bomber/pod-build/CMakeFiles/CMakeTmp'
/usr/bin/cmake -E cmake_progress_report /home/ubuntu/dji_fly/src/test2/bomber/pod-build/CMakeFiles/CMakeTmp/CMakeFiles 1
Building C object CMakeFiles/cmTryCompileExec717307031.dir/CheckSymbolExists.c.o
/usr/bin/cc    -o CMakeFiles/cmTryCompileExec717307031.dir/CheckSymbolExists.c.o   -c /home/ubuntu/dji_fly/src/test2/bomber/pod-build/CMakeFiles/CMakeTmp/CheckSymbolExists.c
Linking C executable cmTryCompileExec717307031
/usr/bin/cmake -E cmake_link_script CMakeFiles/cmTryCompileExec717307031.dir/link.txt --verbose=1
/usr/bin/cc       CMakeFiles/cmTryCompileExec717307031.dir/CheckSymbolExists.c.o  -o cmTryCompileExec717307031 -rdynamic 
CMakeFiles/cmTryCompileExec717307031.dir/CheckSymbolExists.c.o: In function `main':
CheckSymbolExists.c:(.text+0xe): undefined reference to `pthread_create'
CheckSymbolExists.c:(.text+0x12): undefined reference to `pthread_create'
make[3]: Leaving directory `/home/ubuntu/dji_fly/src/test2/bomber/pod-build/CMakeFiles/CMakeTmp'
make[2]: Leaving directory `/home/ubuntu/dji_fly/src/test2/bomber/pod-build/CMakeFiles/CMakeTmp'
collect2: error: ld returned 1 exit status
make[3]: *** [cmTryCompileExec717307031] Error 1
make[2]: *** [cmTryCompileExec717307031/fast] Error 2

File /home/ubuntu/dji_fly/src/test2/bomber/pod-build/CMakeFiles/CMakeTmp/CheckSymbolExists.c:
/* */
#include <pthread.h>

int main(int argc, char** argv)
{
  (void)argv;
#ifndef pthread_create
  return ((int*)(&pthread_create))[argc];
#else
  (void)argc;
  return 0;
#endif
}

Determining if the function pthread_create exists in the pthreads failed with the following output:
Change Dir: /home/ubuntu/dji_fly/src/test2/bomber/pod-build/CMakeFiles/CMakeTmp

Run Build Command:/usr/bin/make "cmTryCompileExec308870626/fast"
make[2]: Entering directory `/home/ubuntu/dji_fly/src/test2/bomber/pod-build/CMakeFiles/CMakeTmp'
/usr/bin/make -f CMakeFiles/cmTryCompileExec308870626.dir/build.make CMakeFiles/cmTryCompileExec308870626.dir/build
make[3]: Entering directory `/home/ubuntu/dji_fly/src/test2/bomber/pod-build/CMakeFiles/CMakeTmp'
/usr/bin/cmake -E cmake_progress_report /home/ubuntu/dji_fly/src/test2/bomber/pod-build/CMakeFiles/CMakeTmp/CMakeFiles 1
Building C object CMakeFiles/cmTryCompileExec308870626.dir/CheckFunctionExists.c.o
/usr/bin/cc   -DCHECK_FUNCTION_EXISTS=pthread_create   -o CMakeFiles/cmTryCompileExec308870626.dir/CheckFunctionExists.c.o   -c /usr/share/cmake-2.8/Modules/CheckFunctionExists.c
Linking C executable cmTryCompileExec308870626
/usr/bin/cmake -E cmake_link_script CMakeFiles/cmTryCompileExec308870626.dir/link.txt --verbose=1
/usr/bin/cc   -DCHECK_FUNCTION_EXISTS=pthread_create    CMakeFiles/cmTryCompileExec308870626.dir/CheckFunctionExists.c.o  -o cmTryCompileExec308870626 -rdynamic -lpthreads 
/usr/bin/ld: cannot find -lpthreads
make[3]: Leaving directory `/home/ubuntu/dji_fly/src/test2/bomber/pod-build/CMakeFiles/CMakeTmp'
make[2]: Leaving directory `/home/ubuntu/dji_fly/src/test2/bomber/pod-build/CMakeFiles/CMakeTmp'
collect2: error: ld returned 1 exit status
make[3]: *** [cmTryCompileExec308870626] Error 1
make[2]: *** [cmTryCompileExec308870626/fast] Error 2


