Determining if the pthread_create exist failed with the following output:
Change Dir: /home/ubuntu/dji_fly/src/test2/apriltags/pod-build/CMakeFiles/CMakeTmp

Run Build Command:/usr/bin/make "cmTryCompileExec2933061344/fast"
make[2]: Entering directory `/home/ubuntu/dji_fly/src/test2/apriltags/pod-build/CMakeFiles/CMakeTmp'
/usr/bin/make -f CMakeFiles/cmTryCompileExec2933061344.dir/build.make CMakeFiles/cmTryCompileExec2933061344.dir/build
make[3]: Entering directory `/home/ubuntu/dji_fly/src/test2/apriltags/pod-build/CMakeFiles/CMakeTmp'
/usr/bin/cmake -E cmake_progress_report /home/ubuntu/dji_fly/src/test2/apriltags/pod-build/CMakeFiles/CMakeTmp/CMakeFiles 1
Building C object CMakeFiles/cmTryCompileExec2933061344.dir/CheckSymbolExists.c.o
/usr/bin/cc    -o CMakeFiles/cmTryCompileExec2933061344.dir/CheckSymbolExists.c.o   -c /home/ubuntu/dji_fly/src/test2/apriltags/pod-build/CMakeFiles/CMakeTmp/CheckSymbolExists.c
Linking C executable cmTryCompileExec2933061344
/usr/bin/cmake -E cmake_link_script CMakeFiles/cmTryCompileExec2933061344.dir/link.txt --verbose=1
/usr/bin/cc       CMakeFiles/cmTryCompileExec2933061344.dir/CheckSymbolExists.c.o  -o cmTryCompileExec2933061344 -rdynamic 
CMakeFiles/cmTryCompileExec2933061344.dir/CheckSymbolExists.c.o: In function `main':
CheckSymbolExists.c:(.text+0xe): undefined reference to `pthread_create'
CheckSymbolExists.c:(.text+0x12): undefined reference to `pthread_create'
make[3]: Leaving directory `/home/ubuntu/dji_fly/src/test2/apriltags/pod-build/CMakeFiles/CMakeTmp'
make[2]: Leaving directory `/home/ubuntu/dji_fly/src/test2/apriltags/pod-build/CMakeFiles/CMakeTmp'
collect2: error: ld returned 1 exit status
make[3]: *** [cmTryCompileExec2933061344] Error 1
make[2]: *** [cmTryCompileExec2933061344/fast] Error 2

File /home/ubuntu/dji_fly/src/test2/apriltags/pod-build/CMakeFiles/CMakeTmp/CheckSymbolExists.c:
/* */
#include <pthread.h>

int main(int argc, char** argv)
{
  (void)argv;
#ifndef pthread_create
  return ((int*)(&pthread_create))[argc];
#else
  (void)argc;
  return 0;
#endif
}

Determining if the function pthread_create exists in the pthreads failed with the following output:
Change Dir: /home/ubuntu/dji_fly/src/test2/apriltags/pod-build/CMakeFiles/CMakeTmp

Run Build Command:/usr/bin/make "cmTryCompileExec510104146/fast"
make[2]: Entering directory `/home/ubuntu/dji_fly/src/test2/apriltags/pod-build/CMakeFiles/CMakeTmp'
/usr/bin/make -f CMakeFiles/cmTryCompileExec510104146.dir/build.make CMakeFiles/cmTryCompileExec510104146.dir/build
make[3]: Entering directory `/home/ubuntu/dji_fly/src/test2/apriltags/pod-build/CMakeFiles/CMakeTmp'
/usr/bin/cmake -E cmake_progress_report /home/ubuntu/dji_fly/src/test2/apriltags/pod-build/CMakeFiles/CMakeTmp/CMakeFiles 1
Building C object CMakeFiles/cmTryCompileExec510104146.dir/CheckFunctionExists.c.o
/usr/bin/cc   -DCHECK_FUNCTION_EXISTS=pthread_create   -o CMakeFiles/cmTryCompileExec510104146.dir/CheckFunctionExists.c.o   -c /usr/share/cmake-2.8/Modules/CheckFunctionExists.c
Linking C executable cmTryCompileExec510104146
/usr/bin/cmake -E cmake_link_script CMakeFiles/cmTryCompileExec510104146.dir/link.txt --verbose=1
/usr/bin/cc   -DCHECK_FUNCTION_EXISTS=pthread_create    CMakeFiles/cmTryCompileExec510104146.dir/CheckFunctionExists.c.o  -o cmTryCompileExec510104146 -rdynamic -lpthreads 
/usr/bin/ld: cannot find -lpthreads
collect2: error: ld returned 1 exit status
make[3]: Leaving directory `/home/ubuntu/dji_fly/src/test2/apriltags/pod-build/CMakeFiles/CMakeTmp'
make[3]: *** [cmTryCompileExec510104146] Error 1
make[2]: Leaving directory `/home/ubuntu/dji_fly/src/test2/apriltags/pod-build/CMakeFiles/CMakeTmp'
make[2]: *** [cmTryCompileExec510104146/fast] Error 2


